Build started 6/4/2015 9:23:12 AM.
     1>Project "D:\Shared_Docs_3\OneDrive\UML\C++\Class_Assignments\Excercises\main(Rolodex)\main\main.vcxproj" on node 2 (build target(s)).
     1>InitializeBuildStatus:
         Creating "Debug\main.unsuccessfulbuild" because "AlwaysCreate" was specified.
       ClCompile:
         C:\Program Files (x86)\Microsoft Visual Studio 10.0\VC\bin\CL.exe /c /ZI /nologo /W3 /WX- /Od /Oy- /D WIN32 /D _DEBUG /D _CONSOLE /D _UNICODE /D UNICODE /Gm /EHsc /RTC1 /MDd /GS /fp:precise /Zc:wchar_t /Zc:forScope /Fo"Debug\\" /Fd"Debug\vc100.pdb" /Gd /TP /analyze- /errorReport:prompt Card.cpp main.cpp Rolodex.cpp
         Rolodex.cpp
         main.cpp
         Card.cpp
         Generating Code...
     1>d:\shared_docs_3\onedrive\uml\c++\class_assignments\excercises\main(rolodex)\main\rolodex.cpp(101): warning C4715: 'Rolodex::search' : not all control paths return a value
       ManifestResourceCompile:
         C:\Program Files (x86)\Microsoft SDKs\Windows\v7.0A\bin\rc.exe /nologo /fo"Debug\main.exe.embed.manifest.res" Debug\main_manifest.rc 
       Link:
         C:\Program Files (x86)\Microsoft Visual Studio 10.0\VC\bin\link.exe /ERRORREPORT:PROMPT /OUT:"D:\Shared_Docs_3\OneDrive\UML\C++\Class_Assignments\Excercises\main(Rolodex)\Debug\main.exe" /INCREMENTAL /NOLOGO kernel32.lib user32.lib gdi32.lib winspool.lib comdlg32.lib advapi32.lib shell32.lib ole32.lib oleaut32.lib uuid.lib odbc32.lib odbccp32.lib /MANIFEST /ManifestFile:"Debug\main.exe.intermediate.manifest" /MANIFESTUAC:"level='asInvoker' uiAccess='false'" /DEBUG /PDB:"D:\Shared_Docs_3\OneDrive\UML\C++\Class_Assignments\Excercises\main(Rolodex)\Debug\main.pdb" /SUBSYSTEM:CONSOLE /TLBID:1 /DYNAMICBASE /NXCOMPAT /IMPLIB:"D:\Shared_Docs_3\OneDrive\UML\C++\Class_Assignments\Excercises\main(Rolodex)\Debug\main.lib" /MACHINE:X86 Debug\main.exe.embed.manifest.res
         Debug\Card.obj
         Debug\main.obj
         Debug\Rolodex.obj
         LINK : D:\Shared_Docs_3\OneDrive\UML\C++\Class_Assignments\Excercises\main(Rolodex)\Debug\main.exe not found or not built by the last incremental link; performing full link
       Manifest:
         C:\Program Files (x86)\Microsoft SDKs\Windows\v7.0A\bin\mt.exe /nologo /verbose /out:"Debug\main.exe.embed.manifest" /manifest Debug\main.exe.intermediate.manifest
         All outputs are up-to-date.
       LinkEmbedManifest:
         All outputs are up-to-date.
         main.vcxproj -> D:\Shared_Docs_3\OneDrive\UML\C++\Class_Assignments\Excercises\main(Rolodex)\Debug\main.exe
       FinalizeBuildStatus:
         Deleting file "Debug\main.unsuccessfulbuild".
         Touching "Debug\main.lastbuildstate".
     1>Done Building Project "D:\Shared_Docs_3\OneDrive\UML\C++\Class_Assignments\Excercises\main(Rolodex)\main\main.vcxproj" (build target(s)).

Build succeeded.

Time Elapsed 00:00:15.15
